<?xml version="1.0" encoding="UTF-8"?>
<testng-results skipped="0" failed="0" ignored="0" total="1" passed="1">
  <reporter-output>
  </reporter-output>
  <suite name="Default suite" duration-ms="64571" started-at="2017-06-19T06:52:25Z" finished-at="2017-06-19T06:53:29Z">
    <groups>
    </groups>
    <test name="Default test" duration-ms="64571" started-at="2017-06-19T06:52:25Z" finished-at="2017-06-19T06:53:29Z">
      <class name="interviewair_TestNG.candidate_login_with_testng">
        <test-method status="PASS" signature="setUp()[pri:0, instance:interviewair_TestNG.candidate_login_with_testng@41eaa2]" name="setUp" is-config="true" duration-ms="15646" started-at="2017-06-19T12:22:25Z" finished-at="2017-06-19T12:22:40Z">
          <reporter-output>
          </reporter-output>
        </test-method> <!-- setUp -->
        <test-method status="PASS" signature="testCandidateLoginLogoutTestng()[pri:0, instance:interviewair_TestNG.candidate_login_with_testng@41eaa2]" name="testCandidateLoginLogoutTestng" duration-ms="47222" started-at="2017-06-19T12:22:40Z" finished-at="2017-06-19T12:23:28Z">
          <reporter-output>
          </reporter-output>
        </test-method> <!-- testCandidateLoginLogoutTestng -->
        <test-method status="PASS" signature="tearDown()[pri:0, instance:interviewair_TestNG.candidate_login_with_testng@41eaa2]" name="tearDown" is-config="true" duration-ms="1642" started-at="2017-06-19T12:23:28Z" finished-at="2017-06-19T12:23:29Z">
          <reporter-output>
          </reporter-output>
        </test-method> <!-- tearDown -->
      </class> <!-- interviewair_TestNG.candidate_login_with_testng -->
    </test> <!-- Default test -->
  </suite> <!-- Default suite -->
</testng-results>
